The `device` argument should be set by using `torch.device` or passing a string as an argument. This behavior will be deprecated soon and currently defaults to cpu.
The `device` argument should be set by using `torch.device` or passing a string as an argument. This behavior will be deprecated soon and currently defaults to cpu.
11430 14279 5316 20232
[TEST ] 1 ----------------
9972 15737 3012 22536
[TEST ] 2 ----------------
12997 12712 5325 20223
[TEST ] 3 ----------------
12963 12746 4660 20888
[TEST ] 4 ----------------
14143 11566 5644 19904
[TEST ] 5 ----------------
10493 15216 2824 22724
[TEST ] 6 ----------------
13903 11806 5733 19815
[TEST ] 7 ----------------
11551 14158 3688 21860
[TEST ] 8 ----------------
13759 11950 5139 20409
[TEST ] 9 ----------------
13478 12231 4792 20756
[TEST ] 10 ----------------
10111 15598 2645 22903
[TEST ] 11 ----------------
12472 13237 4306 21242
[TEST ] 12 ----------------
11827 13882 3622 21926
[TEST ] 13 ----------------
11880 13829 4024 21524
[TEST ] 14 ----------------
12413 13296 4546 21002
[TEST ] 15 ----------------
11646 14063 3901 21647
[TEST ] 16 ----------------
11515 14194 3839 21709
[TEST ] 17 ----------------
9877 15832 2411 23137
[TEST ] 18 ----------------
9346 16363 2184 23364
[TEST ] 19 ----------------
9664 16045 2593 22955
[TEST ] 20 ----------------
9859 15850 2725 22823
[TEST ] 21 ----------------
9383 16326 2567 22981
[TEST ] 22 ----------------
10221 15488 2907 22641
[TEST ] 23 ----------------
8762 16947 2044 23504
[TEST ] 24 ----------------
9578 16131 2449 23099
[TEST ] 25 ----------------
7751 17958 1691 23857
[TEST ] 26 ----------------
8873 16836 2093 23455
[TEST ] 27 ----------------
9694 16015 2572 22976
[TEST ] 28 ----------------
7979 17730 1838 23710
[TEST ] 29 ----------------
9237 16472 2471 23077
[TEST ] 30 ----------------
7789 17920 1845 23703
[TEST ] 31 ----------------
8947 16762 2248 23300
[TEST ] 32 ----------------
10425 15284 3106 22442
[TEST ] 33 ----------------
9015 16694 2210 23338
[TEST ] 34 ----------------
9605 16104 2579 22969
[TEST ] 35 ----------------
8412 17297 1988 23560
[TEST ] 36 ----------------
8411 17298 1933 23615
[TEST ] 37 ----------------
8658 17051 2142 23406
[TEST ] 38 ----------------
8302 17407 1860 23688
[TEST ] 39 ----------------
8328 17381 1950 23598
[TEST ] 40 ----------------
8378 17331 1924 23624
[TEST ] 41 ----------------
7456 18253 1633 23915
[TEST ] 42 ----------------
9240 16469 2403 23145
[TEST ] 43 ----------------
9290 16419 2480 23068
[TEST ] 44 ----------------
7934 17775 1710 23838
[TEST ] 45 ----------------
8215 17494 1933 23615
[TEST ] 46 ----------------
8898 16811 2136 23412
[TEST ] 47 ----------------
8783 16926 2020 23528
[TEST ] 48 ----------------
8137 17572 1826 23722
[TEST ] 49 ----------------
8778 16931 2044 23504
[TEST ] 50 ----------------
8773 16936 2051 23497
[TEST ] 51 ----------------
7925 17784 1774 23774
[TEST ] 52 ----------------
9367 16342 2376 23172
[TEST ] 53 ----------------
8179 17530 1834 23714
[TEST ] 54 ----------------
8114 17595 1846 23702
[TEST ] 55 ----------------
8893 16816 1969 23579
[TEST ] 56 ----------------
9767 15942 2572 22976
[TEST ] 57 ----------------
8063 17646 1831 23717
[TEST ] 58 ----------------
9030 16679 2228 23320
[TEST ] 59 ----------------
8543 17166 1932 23616
[TEST ] 60 ----------------
8530 17179 1870 23678
[TEST ] 61 ----------------
10254 15455 2958 22590
[TEST ] 62 ----------------
8109 17600 1773 23775
[TEST ] 63 ----------------
7573 18136 1669 23879
[TEST ] 64 ----------------
8248 17461 1839 23709
[TEST ] 65 ----------------
8063 17646 1845 23703
[TEST ] 66 ----------------
9821 15888 2538 23010
[TEST ] 67 ----------------
8667 17042 1986 23562
[TEST ] 68 ----------------
8201 17508 1861 23687
[TEST ] 69 ----------------
8899 16810 2171 23377
[TEST ] 70 ----------------
9175 16534 2366 23182
[TEST ] 71 ----------------
8657 17052 2010 23538
[TEST ] 72 ----------------
9322 16387 2287 23261
[TEST ] 73 ----------------
8044 17665 1730 23818
[TEST ] 74 ----------------
8920 16789 2250 23298
[TEST ] 75 ----------------
9288 16421 2317 23231
[TEST ] 76 ----------------
8314 17395 1876 23672
[TEST ] 77 ----------------
7833 17876 1643 23905
[TEST ] 78 ----------------
9290 16419 2462 23086
[TEST ] 79 ----------------
8792 16917 2052 23496
[TEST ] 80 ----------------
9319 16390 2387 23161
[TEST ] 81 ----------------
8014 17695 1804 23744
[TEST ] 82 ----------------
9983 15726 2719 22829
[TEST ] 83 ----------------
8507 17202 1965 23583
[TEST ] 84 ----------------
9278 16431 2171 23377
[TEST ] 85 ----------------
9907 15802 2568 22980
[TEST ] 86 ----------------
8791 16918 2088 23460
[TEST ] 87 ----------------
9516 16193 2407 23141
[TEST ] 88 ----------------
9073 16636 2150 23398
[TEST ] 89 ----------------
9762 15947 2463 23085
[TEST ] 90 ----------------
9593 16116 2441 23107
[TEST ] 91 ----------------
8632 17077 1942 23606
[TEST ] 92 ----------------
9452 16257 2377 23171
[TEST ] 93 ----------------
8467 17242 1993 23555
[TEST ] 94 ----------------
9002 16707 2168 23380
[TEST ] 95 ----------------
9374 16335 2261 23287
[TEST ] 96 ----------------
10253 15456 2820 22728
[TEST ] 97 ----------------
9138 16571 2184 23364
[TEST ] 98 ----------------
9043 16666 2206 23342
[TEST ] 99 ----------------
9273 16436 2310 23238
[TEST ] 100 ----------------
9221 16488 2288 23260
[TEST ] 101 ----------------
9633 16076 2498 23050
[TEST ] 102 ----------------
8800 16909 2073 23475
[TEST ] 103 ----------------
9841 15868 2429 23119
[TEST ] 104 ----------------
9064 16645 2194 23354
[TEST ] 105 ----------------
9113 16596 2281 23267
[TEST ] 106 ----------------
9202 16507 2355 23193
[TEST ] 107 ----------------
8622 17087 2060 23488
[TEST ] 108 ----------------
9785 15924 2623 22925
[TEST ] 109 ----------------
10093 15616 2860 22688
[TEST ] 110 ----------------
7860 17849 1777 23771
[TEST ] 111 ----------------
9374 16335 2347 23201
[TEST ] 112 ----------------
10241 15468 2865 22683
[TEST ] 113 ----------------
8054 17655 1820 23728
[TEST ] 114 ----------------
9187 16522 2249 23299
[TEST ] 115 ----------------
9934 15775 2618 22930
[TEST ] 116 ----------------
9056 16653 2138 23410
[TEST ] 117 ----------------
9722 15987 2466 23082
[TEST ] 118 ----------------
9780 15929 2646 22902
[TEST ] 119 ----------------
10189 15520 2852 22696
[TEST ] 120 ----------------
9027 16682 2314 23234
[TEST ] 121 ----------------
8526 17183 1888 23660
[TEST ] 122 ----------------
9486 16223 2413 23135
[TEST ] 123 ----------------
8748 16961 2112 23436
[TEST ] 124 ----------------
8920 16789 2139 23409
[TEST ] 125 ----------------
9568 16141 2506 23042
[TEST ] 126 ----------------
10209 15500 2783 22765
[TEST ] 127 ----------------
9914 15795 2715 22833
[TEST ] 128 ----------------
10041 15668 2674 22874
[TEST ] 129 ----------------
8924 16785 2023 23525
[TEST ] 130 ----------------
8753 16956 2075 23473
[TEST ] 131 ----------------
10288 15421 2969 22579
[TEST ] 132 ----------------
8949 16760 2154 23394
[TEST ] 133 ----------------
9466 16243 2455 23093
[TEST ] 134 ----------------
9482 16227 2454 23094
[TEST ] 135 ----------------
9030 16679 2348 23200
[TEST ] 136 ----------------
10353 15356 2774 22774
[TEST ] 137 ----------------
9397 16312 2362 23186
[TEST ] 138 ----------------
9474 16235 2355 23193
[TEST ] 139 ----------------
10129 15580 2804 22744
[TEST ] 140 ----------------
8423 17286 1874 23674
[TEST ] 141 ----------------
8879 16830 2130 23418
[TEST ] 142 ----------------
9080 16629 2308 23240
[TEST ] 143 ----------------
8081 17628 1842 23706
[TEST ] 144 ----------------
9082 16627 2384 23164
[TEST ] 145 ----------------
9085 16624 2405 23143
[TEST ] 146 ----------------
10143 15566 2824 22724
[TEST ] 147 ----------------
8870 16839 2222 23326
[TEST ] 148 ----------------
9476 16233 2373 23175
[TEST ] 149 ----------------
7964 17745 1746 23802
[TEST ] 150 ----------------
9343 16366 2384 23164
[TEST ] 151 ----------------
9556 16153 2382 23166
[TEST ] 152 ----------------
10111 15598 2722 22826
[TEST ] 153 ----------------
9466 16243 2476 23072
[TEST ] 154 ----------------
9220 16489 2372 23176
[TEST ] 155 ----------------
10372 15337 2970 22578
[TEST ] 156 ----------------
9832 15877 2735 22813
[TEST ] 157 ----------------
8764 16945 2174 23374
[TEST ] 158 ----------------
9810 15899 2542 23006
[TEST ] 159 ----------------
9121 16588 2241 23307
[TEST ] 160 ----------------
9346 16363 2429 23119
[TEST ] 161 ----------------
10309 15400 2799 22749
[TEST ] 162 ----------------
8687 17022 2143 23405
[TEST ] 163 ----------------
8499 17210 2114 23434
[TEST ] 164 ----------------
9765 15944 2530 23018
[TEST ] 165 ----------------
10051 15658 2668 22880
[TEST ] 166 ----------------
10043 15666 2822 22726
[TEST ] 167 ----------------
9645 16064 2559 22989
[TEST ] 168 ----------------
9703 16006 2625 22923
[TEST ] 169 ----------------
9680 16029 2488 23060
[TEST ] 170 ----------------
8970 16739 2283 23265
[TEST ] 171 ----------------
8794 16915 2183 23365
[TEST ] 172 ----------------
9651 16058 2600 22948
[TEST ] 173 ----------------
9817 15892 2722 22826
[TEST ] 174 ----------------
10223 15486 2750 22798
[TEST ] 175 ----------------
9198 16511 2385 23163
[TEST ] 176 ----------------
10447 15262 3069 22479
[TEST ] 177 ----------------
10771 14938 3233 22315
[TEST ] 178 ----------------
9711 15998 2680 22868
[TEST ] 179 ----------------
10741 14968 3106 22442
[TEST ] 180 ----------------
9042 16667 2293 23255
[TEST ] 181 ----------------
8710 16999 2154 23394
[TEST ] 182 ----------------
9727 15982 2681 22867
[TEST ] 183 ----------------
9296 16413 2451 23097
[TEST ] 184 ----------------
9565 16144 2514 23034
[TEST ] 185 ----------------
10029 15680 2924 22624
[TEST ] 186 ----------------
9379 16330 2575 22973
[TEST ] 187 ----------------
9464 16245 2586 22962
[TEST ] 188 ----------------
9814 15895 2835 22713
[TEST ] 189 ----------------
9910 15799 2768 22780
[TEST ] 190 ----------------
8749 16960 2297 23251
[TEST ] 191 ----------------
9863 15846 2586 22962
[TEST ] 192 ----------------
9378 16331 2495 23053
[TEST ] 193 ----------------
9931 15778 2597 22951
[TEST ] 194 ----------------
9719 15990 2559 22989
[TEST ] 195 ----------------
10195 15514 2871 22677
[TEST ] 196 ----------------
9466 16243 2560 22988
[TEST ] 197 ----------------
10057 15652 2880 22668
[TEST ] 198 ----------------
10509 15200 2979 22569
[TEST ] 199 ----------------
9225 16484 2417 23131
[TEST ] 200 ----------------
original
215m 28s
[TEST ] 200 ----------------
9225 16484 2417 23131
accuracy   0.6313
auc        0.7456
f1macro    0.6020
f1micro    0.6313
loss       191978.8200
precision0 0.7924
precision1 0.5839
recall0    0.3588
recall1    0.9054

